Using pre-set license
Built from '2020.3/staging' branch; Version is '2020.3.11f1 (99c7afb366b3) revision 10078127'; Using compiler version '192528614'; Build Type 'Release'
OS: 'Windows 10 Home; OS build 19041.1052; Version 2004; 64bit' Language: 'ru' Physical Memory: 16269 MB
BatchMode: 1, IsHumanControllingUs: 0, StartBugReporterOnCrash: 0, Is64bit: 1, IsPro: 0

 COMMAND LINE ARGUMENTS:
D:\Programms\Unity\2020.3.11f1\Editor\Unity.exe
-adb2
-batchMode
-noUpm
-name
AssetImportWorker0
-projectPath
D:/unity_files/WeaponGenerator2D
-logFile
Logs/AssetImportWorker0.log
-srvPort
50125
Successfully changed project path to: D:/unity_files/WeaponGenerator2D
D:/unity_files/WeaponGenerator2D
Using Asset Import Pipeline V2.
Refreshing native plugins compatible for Editor in 47.99 ms, found 3 plugins.
Preloading 0 native plugins for Editor in 0.00 ms.
Initialize engine version: 2020.3.11f1 (99c7afb366b3)
[Subsystems] Discovering subsystems at path D:/Programms/Unity/2020.3.11f1/Editor/Data/Resources/UnitySubsystems
[Subsystems] Discovering subsystems at path D:/unity_files/WeaponGenerator2D/Assets
GfxDevice: creating device client; threaded=0
Direct3D:
    Version:  Direct3D 11.0 [level 11.1]
    Renderer: NVIDIA GeForce GTX 1060 (ID=0x1c20)
    Vendor:   
    VRAM:     2987 MB
    Driver:   27.21.14.6089
Initialize mono
Mono path[0] = 'D:/Programms/Unity/2020.3.11f1/Editor/Data/Managed'
Mono path[1] = 'D:/Programms/Unity/2020.3.11f1/Editor/Data/MonoBleedingEdge/lib/mono/unityjit'
Mono config path = 'D:/Programms/Unity/2020.3.11f1/Editor/Data/MonoBleedingEdge/etc'
Using monoOptions --debugger-agent=transport=dt_socket,embedding=1,server=y,suspend=n,address=127.0.0.1:56364
Begin MonoManager ReloadAssembly
Registering precompiled unity dll's ...
Register platform support module: D:/Programms/Unity/2020.3.11f1/Editor/Data/PlaybackEngines/WindowsStandaloneSupport/UnityEditor.WindowsStandalone.Extensions.dll
Registered in 0.001269 seconds.
Native extension for WindowsStandalone target not found
Refreshing native plugins compatible for Editor in 44.08 ms, found 3 plugins.
Preloading 0 native plugins for Editor in 0.00 ms.
Mono: successfully reloaded assembly
- Completed reload, in  1.604 seconds
Platform modules already initialized, skipping
Registering precompiled user dll's ...
Registered in 0.003492 seconds.
Begin MonoManager ReloadAssembly
Native extension for WindowsStandalone target not found
Refreshing native plugins compatible for Editor in 50.85 ms, found 3 plugins.
Preloading 0 native plugins for Editor in 0.00 ms.
Mono: successfully reloaded assembly
- Completed reload, in  1.262 seconds
Platform modules already initialized, skipping
========================================================================
Worker process is ready to serve import requests
Launched and connected shader compiler UnityShaderCompiler.exe after 0.08 seconds
Refreshing native plugins compatible for Editor in 0.45 ms, found 3 plugins.
Preloading 0 native plugins for Editor in 0.00 ms.
Unloading 2085 Unused Serialized files (Serialized files now loaded: 0)
System memory in use before: 93.0 MB.
System memory in use after: 93.1 MB.

Unloading 28 unused Assets to reduce memory usage. Loaded Objects now: 2526.
Total: 2.839700 ms (FindLiveObjects: 0.226000 ms CreateObjectMapping: 0.123000 ms MarkObjects: 2.410900 ms  DeleteObjects: 0.078300 ms)

========================================================================
Received Import Request.
  path: Assets/Assets/weapontest.png
  artifactKey: Guid(1185c247717dc684ba724514801409b7) Importer(815301076,1909f56bfc062723c751e8b465ee728b)
Start importing Assets/Assets/weapontest.png using Guid(1185c247717dc684ba724514801409b7) Importer(815301076,1909f56bfc062723c751e8b465ee728b)  -> (artifact id: '8e2e745c4feb5e1e68d089cb03d3e506') in 0.112937 seconds
  Import took 0.117142 seconds .

========================================================================
Received Import Request.
  Time since last request: 27.597001 seconds.
  path: Assets/Assets/weapontest.png
  artifactKey: Guid(1185c247717dc684ba724514801409b7) Importer(815301076,1909f56bfc062723c751e8b465ee728b)
Start importing Assets/Assets/weapontest.png using Guid(1185c247717dc684ba724514801409b7) Importer(815301076,1909f56bfc062723c751e8b465ee728b)  -> (artifact id: '7376eeceb0bff698fb5fb9ceeb165242') in 0.013345 seconds
  Import took 0.018338 seconds .

========================================================================
Received Import Request.
  Time since last request: 218.561354 seconds.
  path: Assets/Assets/weapontest.png
  artifactKey: Guid(1185c247717dc684ba724514801409b7) Importer(815301076,1909f56bfc062723c751e8b465ee728b)
Start importing Assets/Assets/weapontest.png using Guid(1185c247717dc684ba724514801409b7) Importer(815301076,1909f56bfc062723c751e8b465ee728b)  -> (artifact id: '04430fd5cfd76ed3611f3459483b7cdb') in 0.076230 seconds
  Import took 0.083730 seconds .

========================================================================
Received Prepare
Registering precompiled user dll's ...
Registered in 0.003125 seconds.
Begin MonoManager ReloadAssembly
Native extension for WindowsStandalone target not found
Refreshing native plugins compatible for Editor in 0.74 ms, found 3 plugins.
Preloading 0 native plugins for Editor in 0.00 ms.
Mono: successfully reloaded assembly
- Completed reload, in  1.136 seconds
Platform modules already initialized, skipping
Refreshing native plugins compatible for Editor in 0.49 ms, found 3 plugins.
Preloading 0 native plugins for Editor in 0.00 ms.
Unloading 2076 Unused Serialized files (Serialized files now loaded: 0)
System memory in use before: 95.6 MB.
System memory in use after: 95.7 MB.

Unloading 17 unused Assets to reduce memory usage. Loaded Objects now: 2581.
Total: 3.421500 ms (FindLiveObjects: 0.228500 ms CreateObjectMapping: 0.090200 ms MarkObjects: 3.048400 ms  DeleteObjects: 0.053000 ms)

========================================================================
Received Prepare
Registering precompiled user dll's ...
Registered in 0.004612 seconds.
Begin MonoManager ReloadAssembly
Native extension for WindowsStandalone target not found
Refreshing native plugins compatible for Editor in 0.51 ms, found 3 plugins.
Preloading 0 native plugins for Editor in 0.00 ms.
Mono: successfully reloaded assembly
- Completed reload, in  1.221 seconds
Platform modules already initialized, skipping
Refreshing native plugins compatible for Editor in 0.46 ms, found 3 plugins.
Preloading 0 native plugins for Editor in 0.00 ms.
Unloading 2076 Unused Serialized files (Serialized files now loaded: 0)
System memory in use before: 95.7 MB.
System memory in use after: 95.8 MB.

Unloading 17 unused Assets to reduce memory usage. Loaded Objects now: 2584.
Total: 2.579300 ms (FindLiveObjects: 0.223100 ms CreateObjectMapping: 0.077000 ms MarkObjects: 2.231700 ms  DeleteObjects: 0.046400 ms)

========================================================================
Received Import Request.
  Time since last request: 721.679117 seconds.
  path: Assets/Prefabs/barrel1.prefab
  artifactKey: Guid(d28d5f7033a2ce549a7ed6232eae61f0) Importer(815301076,1909f56bfc062723c751e8b465ee728b)
Start importing Assets/Prefabs/barrel1.prefab using Guid(d28d5f7033a2ce549a7ed6232eae61f0) Importer(815301076,1909f56bfc062723c751e8b465ee728b)  -> (artifact id: '970edcae17d65ab00d48647900ce5e1a') in 0.067087 seconds
  Import took 0.071525 seconds .

========================================================================
Received Import Request.
  Time since last request: 0.000319 seconds.
  path: Assets/Prefabs/barrel2.prefab
  artifactKey: Guid(0b46b5eb08d6739418f38de6243f2d7a) Importer(815301076,1909f56bfc062723c751e8b465ee728b)
Start importing Assets/Prefabs/barrel2.prefab using Guid(0b46b5eb08d6739418f38de6243f2d7a) Importer(815301076,1909f56bfc062723c751e8b465ee728b)  -> (artifact id: '6060e7f298c8a69fe1e694b8e86b1d9d') in 0.016377 seconds
  Import took 0.020316 seconds .

========================================================================
Received Import Request.
  Time since last request: 0.000318 seconds.
  path: Assets/Prefabs/barrel4.prefab
  artifactKey: Guid(d17c1a041248612498230dd54b7c6e9f) Importer(815301076,1909f56bfc062723c751e8b465ee728b)
Start importing Assets/Prefabs/barrel4.prefab using Guid(d17c1a041248612498230dd54b7c6e9f) Importer(815301076,1909f56bfc062723c751e8b465ee728b)  -> (artifact id: 'e628dfe9eb1e4701572c58ba50ab6e28') in 0.016849 seconds
  Import took 0.020935 seconds .

========================================================================
Received Import Request.
  Time since last request: 0.000285 seconds.
  path: Assets/Prefabs/handle2.prefab
  artifactKey: Guid(1a4898377feb95a44a1847e281bf4a65) Importer(815301076,1909f56bfc062723c751e8b465ee728b)
Start importing Assets/Prefabs/handle2.prefab using Guid(1a4898377feb95a44a1847e281bf4a65) Importer(815301076,1909f56bfc062723c751e8b465ee728b)  -> (artifact id: '544889917aca01d075aa61f7023d34d3') in 0.014435 seconds
  Import took 0.019269 seconds .

========================================================================
Received Import Request.
  Time since last request: 0.000345 seconds.
  path: Assets/Prefabs/stock4.prefab
  artifactKey: Guid(1d3caa12ab053c04cabf8496a570db89) Importer(815301076,1909f56bfc062723c751e8b465ee728b)
Start importing Assets/Prefabs/stock4.prefab using Guid(1d3caa12ab053c04cabf8496a570db89) Importer(815301076,1909f56bfc062723c751e8b465ee728b)  -> (artifact id: '1e38c5eed495e5dfa965d04565158d4c') in 0.016285 seconds
  Import took 0.020696 seconds .

========================================================================
Received Import Request.
  Time since last request: 0.000328 seconds.
  path: Assets/Prefabs/magazine1.prefab
  artifactKey: Guid(4d70682f906f858449cf9e082f7b7ac1) Importer(815301076,1909f56bfc062723c751e8b465ee728b)
Start importing Assets/Prefabs/magazine1.prefab using Guid(4d70682f906f858449cf9e082f7b7ac1) Importer(815301076,1909f56bfc062723c751e8b465ee728b)  -> (artifact id: '3016a1d8495c456b46c5f403a7bb7282') in 0.013369 seconds
  Import took 0.017319 seconds .

========================================================================
Received Import Request.
  Time since last request: 0.000347 seconds.
  path: Assets/Prefabs/body2.prefab
  artifactKey: Guid(33194257ea8026c4083b7b0c4f0f2aca) Importer(815301076,1909f56bfc062723c751e8b465ee728b)
Start importing Assets/Prefabs/body2.prefab using Guid(33194257ea8026c4083b7b0c4f0f2aca) Importer(815301076,1909f56bfc062723c751e8b465ee728b)  -> (artifact id: '8632715f980b655d5c0ac55bde29c0b7') in 0.017368 seconds
  Import took 0.022772 seconds .

========================================================================
Received Import Request.
  Time since last request: 0.000325 seconds.
  path: Assets/Prefabs/body4.prefab
  artifactKey: Guid(418b6eedae496114f999e230da19ec7c) Importer(815301076,1909f56bfc062723c751e8b465ee728b)
Start importing Assets/Prefabs/body4.prefab using Guid(418b6eedae496114f999e230da19ec7c) Importer(815301076,1909f56bfc062723c751e8b465ee728b)  -> (artifact id: '523f7c2775ff212554799a0221c1a185') in 0.014350 seconds
  Import took 0.019217 seconds .

========================================================================
Received Import Request.
  Time since last request: 0.000258 seconds.
  path: Assets/Prefabs/barrel3.prefab
  artifactKey: Guid(e379f2748f3034645b361fc5cf1fbbe6) Importer(815301076,1909f56bfc062723c751e8b465ee728b)
Start importing Assets/Prefabs/barrel3.prefab using Guid(e379f2748f3034645b361fc5cf1fbbe6) Importer(815301076,1909f56bfc062723c751e8b465ee728b)  -> (artifact id: '4903c1a652cbb371329a4acce47248c7') in 0.014684 seconds
  Import took 0.018979 seconds .

========================================================================
Received Import Request.
  Time since last request: 0.000303 seconds.
  path: Assets/Prefabs/scope2.prefab
  artifactKey: Guid(ced8bbd4adc01ac488ef9bc1657a39ce) Importer(815301076,1909f56bfc062723c751e8b465ee728b)
Start importing Assets/Prefabs/scope2.prefab using Guid(ced8bbd4adc01ac488ef9bc1657a39ce) Importer(815301076,1909f56bfc062723c751e8b465ee728b)  -> (artifact id: '1009096866a45efd1f34682bced53e44') in 0.015131 seconds
  Import took 0.020174 seconds .

========================================================================
Received Import Request.
  Time since last request: 0.000342 seconds.
  path: Assets/Prefabs/magazine2.prefab
  artifactKey: Guid(3efedfd649cdb3645ae6c0ed37c18dcc) Importer(815301076,1909f56bfc062723c751e8b465ee728b)
Start importing Assets/Prefabs/magazine2.prefab using Guid(3efedfd649cdb3645ae6c0ed37c18dcc) Importer(815301076,1909f56bfc062723c751e8b465ee728b)  -> (artifact id: 'f369d2af159c055cf3472a95d45f909d') in 0.013462 seconds
  Import took 0.017588 seconds .

========================================================================
Received Import Request.
  Time since last request: 0.000230 seconds.
  path: Assets/Prefabs/scope4.prefab
  artifactKey: Guid(649a5604837edd146b885f4c7015bfde) Importer(815301076,1909f56bfc062723c751e8b465ee728b)
Start importing Assets/Prefabs/scope4.prefab using Guid(649a5604837edd146b885f4c7015bfde) Importer(815301076,1909f56bfc062723c751e8b465ee728b)  -> (artifact id: '51f85fdef86117e9b8e240a893cfd329') in 0.014662 seconds
  Import took 0.020288 seconds .

========================================================================
Received Import Request.
  Time since last request: 0.000228 seconds.
  path: Assets/Prefabs/body3.prefab
  artifactKey: Guid(d467445e2cb913a4fbf512c1acf5d5d5) Importer(815301076,1909f56bfc062723c751e8b465ee728b)
Start importing Assets/Prefabs/body3.prefab using Guid(d467445e2cb913a4fbf512c1acf5d5d5) Importer(815301076,1909f56bfc062723c751e8b465ee728b)  -> (artifact id: 'a52b47009cd77d934efd1bd73a123979') in 0.015728 seconds
  Import took 0.019692 seconds .

========================================================================
Received Import Request.
  Time since last request: 0.000297 seconds.
  path: Assets/Prefabs/handle4.prefab
  artifactKey: Guid(b27312b170c1ec1458115bd5320a2a5e) Importer(815301076,1909f56bfc062723c751e8b465ee728b)
Start importing Assets/Prefabs/handle4.prefab using Guid(b27312b170c1ec1458115bd5320a2a5e) Importer(815301076,1909f56bfc062723c751e8b465ee728b)  -> (artifact id: '1a1a17347e0416bb953ff0845d18e06d') in 0.014543 seconds
  Import took 0.018683 seconds .

========================================================================
Received Import Request.
  Time since last request: 0.000260 seconds.
  path: Assets/Prefabs/handle3.prefab
  artifactKey: Guid(664796f82f5d6cc46adc3b1959e86001) Importer(815301076,1909f56bfc062723c751e8b465ee728b)
Start importing Assets/Prefabs/handle3.prefab using Guid(664796f82f5d6cc46adc3b1959e86001) Importer(815301076,1909f56bfc062723c751e8b465ee728b)  -> (artifact id: 'be9e86efd817c0602f8a02958299002f') in 0.013659 seconds
  Import took 0.017939 seconds .

========================================================================
Received Import Request.
  Time since last request: 0.000236 seconds.
  path: Assets/Prefabs/handle1.prefab
  artifactKey: Guid(1f5be0604f6974c4083e4493fb479ba6) Importer(815301076,1909f56bfc062723c751e8b465ee728b)
Start importing Assets/Prefabs/handle1.prefab using Guid(1f5be0604f6974c4083e4493fb479ba6) Importer(815301076,1909f56bfc062723c751e8b465ee728b)  -> (artifact id: '259a8339d2de224bbff9f3c3c8bac30e') in 0.012842 seconds
  Import took 0.017455 seconds .

========================================================================
Received Import Request.
  Time since last request: 0.000297 seconds.
  path: Assets/Prefabs/magazine3.prefab
  artifactKey: Guid(43d44364fa009b242b20ab8bb93726d5) Importer(815301076,1909f56bfc062723c751e8b465ee728b)
Start importing Assets/Prefabs/magazine3.prefab using Guid(43d44364fa009b242b20ab8bb93726d5) Importer(815301076,1909f56bfc062723c751e8b465ee728b)  -> (artifact id: 'dbdad555123418f783fa0e407528e300') in 0.013834 seconds
  Import took 0.018349 seconds .

========================================================================
Received Import Request.
  Time since last request: 0.000361 seconds.
  path: Assets/Prefabs/magazine4.prefab
  artifactKey: Guid(98452c93d2c652e468a6fda61ce2ed26) Importer(815301076,1909f56bfc062723c751e8b465ee728b)
Start importing Assets/Prefabs/magazine4.prefab using Guid(98452c93d2c652e468a6fda61ce2ed26) Importer(815301076,1909f56bfc062723c751e8b465ee728b)  -> (artifact id: 'b4de49573c8e1348695e17afcb750a76') in 0.012766 seconds
  Import took 0.017433 seconds .

========================================================================
Received Import Request.
  Time since last request: 0.000355 seconds.
  path: Assets/Prefabs/stock3.prefab
  artifactKey: Guid(3de7221c46cf9ee47af228bd1f78ec6b) Importer(815301076,1909f56bfc062723c751e8b465ee728b)
Start importing Assets/Prefabs/stock3.prefab using Guid(3de7221c46cf9ee47af228bd1f78ec6b) Importer(815301076,1909f56bfc062723c751e8b465ee728b)  -> (artifact id: '00efad0002c633a34607776ccb45641e') in 0.013136 seconds
  Import took 0.018407 seconds .

========================================================================
Received Import Request.
  Time since last request: 0.000269 seconds.
  path: Assets/Prefabs/scope1.prefab
  artifactKey: Guid(aaca218d789cd0049a2e6175fdeafde1) Importer(815301076,1909f56bfc062723c751e8b465ee728b)
Start importing Assets/Prefabs/scope1.prefab using Guid(aaca218d789cd0049a2e6175fdeafde1) Importer(815301076,1909f56bfc062723c751e8b465ee728b)  -> (artifact id: '34e709c2f6619b9f5a92858a9b1dde82') in 0.014736 seconds
  Import took 0.019248 seconds .

========================================================================
Received Import Request.
  Time since last request: 0.000289 seconds.
  path: Assets/Prefabs/stock1.prefab
  artifactKey: Guid(adfdd8f3060f77d41a2473fcbf2fb99f) Importer(815301076,1909f56bfc062723c751e8b465ee728b)
Start importing Assets/Prefabs/stock1.prefab using Guid(adfdd8f3060f77d41a2473fcbf2fb99f) Importer(815301076,1909f56bfc062723c751e8b465ee728b)  -> (artifact id: '335484eb810a297e2b86756d8f536090') in 0.012110 seconds
  Import took 0.016868 seconds .

========================================================================
Received Import Request.
  Time since last request: 0.000278 seconds.
  path: Assets/Prefabs/scope3.prefab
  artifactKey: Guid(bf7d4e9e91289464e945259c6e6e0e4c) Importer(815301076,1909f56bfc062723c751e8b465ee728b)
Start importing Assets/Prefabs/scope3.prefab using Guid(bf7d4e9e91289464e945259c6e6e0e4c) Importer(815301076,1909f56bfc062723c751e8b465ee728b)  -> (artifact id: '12553b421a6f1b1b0a5c86e47111cf06') in 0.012643 seconds
  Import took 0.016782 seconds .

========================================================================
Received Import Request.
  Time since last request: 0.000312 seconds.
  path: Assets/Prefabs/stock2.prefab
  artifactKey: Guid(5ce5f1f1576d54f4889dbd28ee8eaaba) Importer(815301076,1909f56bfc062723c751e8b465ee728b)
Start importing Assets/Prefabs/stock2.prefab using Guid(5ce5f1f1576d54f4889dbd28ee8eaaba) Importer(815301076,1909f56bfc062723c751e8b465ee728b)  -> (artifact id: '453a3647e8b56da1805a244fa9ea18c7') in 0.013570 seconds
  Import took 0.017642 seconds .

========================================================================
Received Import Request.
  Time since last request: 0.000264 seconds.
  path: Assets/Prefabs/body1.prefab
  artifactKey: Guid(658c5f00f6980da409cebcbc857c0c9e) Importer(815301076,1909f56bfc062723c751e8b465ee728b)
Start importing Assets/Prefabs/body1.prefab using Guid(658c5f00f6980da409cebcbc857c0c9e) Importer(815301076,1909f56bfc062723c751e8b465ee728b)  -> (artifact id: '6688e20c0055f9516dbecc2d83654397') in 0.013142 seconds
  Import took 0.017404 seconds .

========================================================================
Received Prepare
Registering precompiled user dll's ...
Registered in 0.004282 seconds.
Begin MonoManager ReloadAssembly
Native extension for WindowsStandalone target not found
Refreshing native plugins compatible for Editor in 0.61 ms, found 3 plugins.
Preloading 0 native plugins for Editor in 0.00 ms.
Mono: successfully reloaded assembly
- Completed reload, in  1.206 seconds
Platform modules already initialized, skipping
Refreshing native plugins compatible for Editor in 0.48 ms, found 3 plugins.
Preloading 0 native plugins for Editor in 0.00 ms.
Unloading 2076 Unused Serialized files (Serialized files now loaded: 0)
System memory in use before: 95.8 MB.
System memory in use after: 95.9 MB.

Unloading 17 unused Assets to reduce memory usage. Loaded Objects now: 2592.
Total: 2.778300 ms (FindLiveObjects: 0.309800 ms CreateObjectMapping: 0.099100 ms MarkObjects: 2.321500 ms  DeleteObjects: 0.046300 ms)

========================================================================
Received Prepare
Registering precompiled user dll's ...
Registered in 0.003428 seconds.
Begin MonoManager ReloadAssembly
Native extension for WindowsStandalone target not found
Refreshing native plugins compatible for Editor in 0.49 ms, found 3 plugins.
Preloading 0 native plugins for Editor in 0.00 ms.
Mono: successfully reloaded assembly
- Completed reload, in  1.146 seconds
Platform modules already initialized, skipping
Refreshing native plugins compatible for Editor in 0.44 ms, found 3 plugins.
Preloading 0 native plugins for Editor in 0.00 ms.
Unloading 2076 Unused Serialized files (Serialized files now loaded: 0)
System memory in use before: 95.8 MB.
System memory in use after: 95.9 MB.

Unloading 17 unused Assets to reduce memory usage. Loaded Objects now: 2595.
Total: 2.406000 ms (FindLiveObjects: 0.205000 ms CreateObjectMapping: 0.078200 ms MarkObjects: 2.063400 ms  DeleteObjects: 0.058500 ms)

========================================================================
Received Prepare
Registering precompiled user dll's ...
Registered in 0.002968 seconds.
Begin MonoManager ReloadAssembly
Native extension for WindowsStandalone target not found
Refreshing native plugins compatible for Editor in 0.47 ms, found 3 plugins.
Preloading 0 native plugins for Editor in 0.00 ms.
Mono: successfully reloaded assembly
- Completed reload, in  1.122 seconds
Platform modules already initialized, skipping
Refreshing native plugins compatible for Editor in 0.43 ms, found 3 plugins.
Preloading 0 native plugins for Editor in 0.00 ms.
Unloading 2076 Unused Serialized files (Serialized files now loaded: 0)
System memory in use before: 95.8 MB.
System memory in use after: 95.9 MB.

Unloading 17 unused Assets to reduce memory usage. Loaded Objects now: 2598.
Total: 2.604900 ms (FindLiveObjects: 0.262000 ms CreateObjectMapping: 0.100000 ms MarkObjects: 2.204400 ms  DeleteObjects: 0.037600 ms)

========================================================================
Received Import Request.
  Time since last request: 612.326433 seconds.
  path: Assets/Prefabs/barrel1.prefab
  artifactKey: Guid(d28d5f7033a2ce549a7ed6232eae61f0) Importer(815301076,1909f56bfc062723c751e8b465ee728b)
Start importing Assets/Prefabs/barrel1.prefab using Guid(d28d5f7033a2ce549a7ed6232eae61f0) Importer(815301076,1909f56bfc062723c751e8b465ee728b)  -> (artifact id: 'c231885786abcb4da1f8f5cb852271f8') in 0.071700 seconds
  Import took 0.076304 seconds .

========================================================================
Received Import Request.
  Time since last request: 0.000298 seconds.
  path: Assets/Prefabs/barrel2.prefab
  artifactKey: Guid(0b46b5eb08d6739418f38de6243f2d7a) Importer(815301076,1909f56bfc062723c751e8b465ee728b)
Start importing Assets/Prefabs/barrel2.prefab using Guid(0b46b5eb08d6739418f38de6243f2d7a) Importer(815301076,1909f56bfc062723c751e8b465ee728b)  -> (artifact id: '92c6b7c37ede91d547fb8c4416f908a2') in 0.009703 seconds
  Import took 0.013060 seconds .

========================================================================
Received Import Request.
  Time since last request: 0.000378 seconds.
  path: Assets/Prefabs/barrel4.prefab
  artifactKey: Guid(d17c1a041248612498230dd54b7c6e9f) Importer(815301076,1909f56bfc062723c751e8b465ee728b)
Start importing Assets/Prefabs/barrel4.prefab using Guid(d17c1a041248612498230dd54b7c6e9f) Importer(815301076,1909f56bfc062723c751e8b465ee728b)  -> (artifact id: 'ebaf9dc3bf8d16f4361bd8b9db51a826') in 0.013176 seconds
  Import took 0.017644 seconds .

========================================================================
Received Import Request.
  Time since last request: 0.000341 seconds.
  path: Assets/Prefabs/handle2.prefab
  artifactKey: Guid(1a4898377feb95a44a1847e281bf4a65) Importer(815301076,1909f56bfc062723c751e8b465ee728b)
Start importing Assets/Prefabs/handle2.prefab using Guid(1a4898377feb95a44a1847e281bf4a65) Importer(815301076,1909f56bfc062723c751e8b465ee728b)  -> (artifact id: '20b0aeb46d6f7a2f990a7c9c26e71f57') in 0.009598 seconds
  Import took 0.013516 seconds .

========================================================================
Received Import Request.
  Time since last request: 0.000319 seconds.
  path: Assets/Prefabs/magazine1.prefab
  artifactKey: Guid(4d70682f906f858449cf9e082f7b7ac1) Importer(815301076,1909f56bfc062723c751e8b465ee728b)
Start importing Assets/Prefabs/magazine1.prefab using Guid(4d70682f906f858449cf9e082f7b7ac1) Importer(815301076,1909f56bfc062723c751e8b465ee728b)  -> (artifact id: 'd904c640b8f10dc8fae022443b4a950b') in 0.008352 seconds
  Import took 0.012030 seconds .

========================================================================
Received Import Request.
  Time since last request: 0.000322 seconds.
  path: Assets/Prefabs/body2.prefab
  artifactKey: Guid(33194257ea8026c4083b7b0c4f0f2aca) Importer(815301076,1909f56bfc062723c751e8b465ee728b)
Start importing Assets/Prefabs/body2.prefab using Guid(33194257ea8026c4083b7b0c4f0f2aca) Importer(815301076,1909f56bfc062723c751e8b465ee728b)  -> (artifact id: '9bcf8e0796269d523138d43345b58f65') in 0.010121 seconds
  Import took 0.013566 seconds .

========================================================================
Received Import Request.
  Time since last request: 0.000456 seconds.
  path: Assets/Prefabs/body4.prefab
  artifactKey: Guid(418b6eedae496114f999e230da19ec7c) Importer(815301076,1909f56bfc062723c751e8b465ee728b)
Start importing Assets/Prefabs/body4.prefab using Guid(418b6eedae496114f999e230da19ec7c) Importer(815301076,1909f56bfc062723c751e8b465ee728b)  -> (artifact id: '899ebd8a1ab2e8d01565207f0ef690d7') in 0.008742 seconds
  Import took 0.012794 seconds .

========================================================================
Received Import Request.
  Time since last request: 0.000502 seconds.
  path: Assets/Prefabs/barrel3.prefab
  artifactKey: Guid(e379f2748f3034645b361fc5cf1fbbe6) Importer(815301076,1909f56bfc062723c751e8b465ee728b)
Start importing Assets/Prefabs/barrel3.prefab using Guid(e379f2748f3034645b361fc5cf1fbbe6) Importer(815301076,1909f56bfc062723c751e8b465ee728b)  -> (artifact id: '4721fb230c08956631a55821be023fda') in 0.008316 seconds
  Import took 0.013099 seconds .

========================================================================
Received Import Request.
  Time since last request: 0.000366 seconds.
  path: Assets/Prefabs/magazine2.prefab
  artifactKey: Guid(3efedfd649cdb3645ae6c0ed37c18dcc) Importer(815301076,1909f56bfc062723c751e8b465ee728b)
Start importing Assets/Prefabs/magazine2.prefab using Guid(3efedfd649cdb3645ae6c0ed37c18dcc) Importer(815301076,1909f56bfc062723c751e8b465ee728b)  -> (artifact id: '5b8dca5bc0c9c96f0bf5945244a51c9f') in 0.009029 seconds
  Import took 0.012631 seconds .

========================================================================
Received Import Request.
  Time since last request: 0.000326 seconds.
  path: Assets/Prefabs/body3.prefab
  artifactKey: Guid(d467445e2cb913a4fbf512c1acf5d5d5) Importer(815301076,1909f56bfc062723c751e8b465ee728b)
Start importing Assets/Prefabs/body3.prefab using Guid(d467445e2cb913a4fbf512c1acf5d5d5) Importer(815301076,1909f56bfc062723c751e8b465ee728b)  -> (artifact id: '976d995ae6b28db6d73d11c05976b225') in 0.016664 seconds
  Import took 0.020362 seconds .

========================================================================
Received Import Request.
  Time since last request: 0.000317 seconds.
  path: Assets/Prefabs/handle4.prefab
  artifactKey: Guid(b27312b170c1ec1458115bd5320a2a5e) Importer(815301076,1909f56bfc062723c751e8b465ee728b)
Start importing Assets/Prefabs/handle4.prefab using Guid(b27312b170c1ec1458115bd5320a2a5e) Importer(815301076,1909f56bfc062723c751e8b465ee728b)  -> (artifact id: 'd56e185b24dccb0859452381161e609c') in 0.007976 seconds
  Import took 0.011877 seconds .

========================================================================
Received Import Request.
  Time since last request: 0.000618 seconds.
  path: Assets/Prefabs/handle3.prefab
  artifactKey: Guid(664796f82f5d6cc46adc3b1959e86001) Importer(815301076,1909f56bfc062723c751e8b465ee728b)
Start importing Assets/Prefabs/handle3.prefab using Guid(664796f82f5d6cc46adc3b1959e86001) Importer(815301076,1909f56bfc062723c751e8b465ee728b)  -> (artifact id: '7ff932d51a277a40d3afef155630bbfb') in 0.017053 seconds
  Import took 0.021237 seconds .

========================================================================
Received Import Request.
  Time since last request: 0.000333 seconds.
  path: Assets/Prefabs/handle1.prefab
  artifactKey: Guid(1f5be0604f6974c4083e4493fb479ba6) Importer(815301076,1909f56bfc062723c751e8b465ee728b)
Start importing Assets/Prefabs/handle1.prefab using Guid(1f5be0604f6974c4083e4493fb479ba6) Importer(815301076,1909f56bfc062723c751e8b465ee728b)  -> (artifact id: 'fd90ce81694045432980477cd9fa8c70') in 0.008675 seconds
  Import took 0.012764 seconds .

========================================================================
Received Import Request.
  Time since last request: 0.000233 seconds.
  path: Assets/Prefabs/body1.prefab
  artifactKey: Guid(658c5f00f6980da409cebcbc857c0c9e) Importer(815301076,1909f56bfc062723c751e8b465ee728b)
Start importing Assets/Prefabs/body1.prefab using Guid(658c5f00f6980da409cebcbc857c0c9e) Importer(815301076,1909f56bfc062723c751e8b465ee728b)  -> (artifact id: '4753a51e6bc6bd3062f926e84ececcea') in 0.008187 seconds
  Import took 0.013087 seconds .

========================================================================
Received Import Request.
  Time since last request: 5.794765 seconds.
  path: Assets/Prefabs/handle4.prefab
  artifactKey: Guid(b27312b170c1ec1458115bd5320a2a5e) Importer(815301076,1909f56bfc062723c751e8b465ee728b)
Start importing Assets/Prefabs/handle4.prefab using Guid(b27312b170c1ec1458115bd5320a2a5e) Importer(815301076,1909f56bfc062723c751e8b465ee728b)  -> (artifact id: '3b371ed877172bd4dbde1b07e032d176') in 0.014114 seconds
  Import took 0.018313 seconds .

========================================================================
Received Import Request.
  Time since last request: 0.000356 seconds.
  path: Assets/Prefabs/magazine1.prefab
  artifactKey: Guid(4d70682f906f858449cf9e082f7b7ac1) Importer(815301076,1909f56bfc062723c751e8b465ee728b)
Start importing Assets/Prefabs/magazine1.prefab using Guid(4d70682f906f858449cf9e082f7b7ac1) Importer(815301076,1909f56bfc062723c751e8b465ee728b)  -> (artifact id: '15ce626780dffaad87c7e31a97223c64') in 0.009325 seconds
  Import took 0.013592 seconds .

========================================================================
Received Import Request.
  Time since last request: 0.000282 seconds.
  path: Assets/Prefabs/magazine2.prefab
  artifactKey: Guid(3efedfd649cdb3645ae6c0ed37c18dcc) Importer(815301076,1909f56bfc062723c751e8b465ee728b)
Start importing Assets/Prefabs/magazine2.prefab using Guid(3efedfd649cdb3645ae6c0ed37c18dcc) Importer(815301076,1909f56bfc062723c751e8b465ee728b)  -> (artifact id: '0595f5b84a4340032e2e95edcedc5e06') in 0.009364 seconds
  Import took 0.014308 seconds .

========================================================================
Received Import Request.
  Time since last request: 0.000245 seconds.
  path: Assets/Prefabs/magazine3.prefab
  artifactKey: Guid(43d44364fa009b242b20ab8bb93726d5) Importer(815301076,1909f56bfc062723c751e8b465ee728b)
Start importing Assets/Prefabs/magazine3.prefab using Guid(43d44364fa009b242b20ab8bb93726d5) Importer(815301076,1909f56bfc062723c751e8b465ee728b)  -> (artifact id: '10385567f81deb1c77bc67ffbaa30d9d') in 0.008324 seconds
  Import took 0.012337 seconds .

========================================================================
Received Import Request.
  Time since last request: 0.000350 seconds.
  path: Assets/Prefabs/magazine4.prefab
  artifactKey: Guid(98452c93d2c652e468a6fda61ce2ed26) Importer(815301076,1909f56bfc062723c751e8b465ee728b)
Start importing Assets/Prefabs/magazine4.prefab using Guid(98452c93d2c652e468a6fda61ce2ed26) Importer(815301076,1909f56bfc062723c751e8b465ee728b)  -> (artifact id: 'fb9fabedfc3ab64e881662e4fc440ce7') in 0.010079 seconds
  Import took 0.014384 seconds .

========================================================================
Received Import Request.
  Time since last request: 4.751526 seconds.
  path: Assets/Prefabs/scope1.prefab
  artifactKey: Guid(aaca218d789cd0049a2e6175fdeafde1) Importer(815301076,1909f56bfc062723c751e8b465ee728b)
Start importing Assets/Prefabs/scope1.prefab using Guid(aaca218d789cd0049a2e6175fdeafde1) Importer(815301076,1909f56bfc062723c751e8b465ee728b)  -> (artifact id: 'bfa76337942a81af21eca5767f839b34') in 0.013562 seconds
  Import took 0.018088 seconds .

========================================================================
Received Import Request.
  Time since last request: 0.000347 seconds.
  path: Assets/Prefabs/stock4.prefab
  artifactKey: Guid(1d3caa12ab053c04cabf8496a570db89) Importer(815301076,1909f56bfc062723c751e8b465ee728b)
Start importing Assets/Prefabs/stock4.prefab using Guid(1d3caa12ab053c04cabf8496a570db89) Importer(815301076,1909f56bfc062723c751e8b465ee728b)  -> (artifact id: '82fd50948fceb60533c16d86ee32b5ff') in 0.009315 seconds
  Import took 0.014021 seconds .

========================================================================
Received Import Request.
  Time since last request: 0.000374 seconds.
  path: Assets/Prefabs/scope2.prefab
  artifactKey: Guid(ced8bbd4adc01ac488ef9bc1657a39ce) Importer(815301076,1909f56bfc062723c751e8b465ee728b)
Start importing Assets/Prefabs/scope2.prefab using Guid(ced8bbd4adc01ac488ef9bc1657a39ce) Importer(815301076,1909f56bfc062723c751e8b465ee728b)  -> (artifact id: 'd3081d4b439599523cb625d65dddc91e') in 0.008895 seconds
  Import took 0.013461 seconds .

========================================================================
Received Import Request.
  Time since last request: 0.000369 seconds.
  path: Assets/Prefabs/scope4.prefab
  artifactKey: Guid(649a5604837edd146b885f4c7015bfde) Importer(815301076,1909f56bfc062723c751e8b465ee728b)
Start importing Assets/Prefabs/scope4.prefab using Guid(649a5604837edd146b885f4c7015bfde) Importer(815301076,1909f56bfc062723c751e8b465ee728b)  -> (artifact id: '894044ef06b679d98114f5e68b985cae') in 0.014773 seconds
  Import took 0.019388 seconds .

========================================================================
Received Import Request.
  Time since last request: 0.000377 seconds.
  path: Assets/Prefabs/stock3.prefab
  artifactKey: Guid(3de7221c46cf9ee47af228bd1f78ec6b) Importer(815301076,1909f56bfc062723c751e8b465ee728b)
Start importing Assets/Prefabs/stock3.prefab using Guid(3de7221c46cf9ee47af228bd1f78ec6b) Importer(815301076,1909f56bfc062723c751e8b465ee728b)  -> (artifact id: 'd584e9074aaa60c1a202fa38c3324a6b') in 0.010712 seconds
  Import took 0.015277 seconds .

========================================================================
Received Import Request.
  Time since last request: 0.000335 seconds.
  path: Assets/Prefabs/stock1.prefab
  artifactKey: Guid(adfdd8f3060f77d41a2473fcbf2fb99f) Importer(815301076,1909f56bfc062723c751e8b465ee728b)
Start importing Assets/Prefabs/stock1.prefab using Guid(adfdd8f3060f77d41a2473fcbf2fb99f) Importer(815301076,1909f56bfc062723c751e8b465ee728b)  -> (artifact id: '6dee39497b2249aaea727688e9aa4f82') in 0.008922 seconds
  Import took 0.012644 seconds .

========================================================================
Received Import Request.
  Time since last request: 0.000297 seconds.
  path: Assets/Prefabs/scope3.prefab
  artifactKey: Guid(bf7d4e9e91289464e945259c6e6e0e4c) Importer(815301076,1909f56bfc062723c751e8b465ee728b)
Start importing Assets/Prefabs/scope3.prefab using Guid(bf7d4e9e91289464e945259c6e6e0e4c) Importer(815301076,1909f56bfc062723c751e8b465ee728b)  -> (artifact id: '9fb71b9d46a05618450ae6d03d0dc30d') in 0.008836 seconds
  Import took 0.013181 seconds .

========================================================================
Received Import Request.
  Time since last request: 0.000426 seconds.
  path: Assets/Prefabs/stock2.prefab
  artifactKey: Guid(5ce5f1f1576d54f4889dbd28ee8eaaba) Importer(815301076,1909f56bfc062723c751e8b465ee728b)
Start importing Assets/Prefabs/stock2.prefab using Guid(5ce5f1f1576d54f4889dbd28ee8eaaba) Importer(815301076,1909f56bfc062723c751e8b465ee728b)  -> (artifact id: 'cdc2b7984d5335bdcc3e7973dcb5c6b7') in 0.013199 seconds
  Import took 0.018357 seconds .

========================================================================
Received Import Request.
  Time since last request: 4.232930 seconds.
  path: Assets/Prefabs/barrel1.prefab
  artifactKey: Guid(d28d5f7033a2ce549a7ed6232eae61f0) Importer(815301076,1909f56bfc062723c751e8b465ee728b)
Start importing Assets/Prefabs/barrel1.prefab using Guid(d28d5f7033a2ce549a7ed6232eae61f0) Importer(815301076,1909f56bfc062723c751e8b465ee728b)  -> (artifact id: '81ab5d1da14151056b32eb3ce6f4eac6') in 0.009463 seconds
  Import took 0.013855 seconds .

========================================================================
Received Import Request.
  Time since last request: 0.000416 seconds.
  path: Assets/Prefabs/barrel2.prefab
  artifactKey: Guid(0b46b5eb08d6739418f38de6243f2d7a) Importer(815301076,1909f56bfc062723c751e8b465ee728b)
Start importing Assets/Prefabs/barrel2.prefab using Guid(0b46b5eb08d6739418f38de6243f2d7a) Importer(815301076,1909f56bfc062723c751e8b465ee728b)  -> (artifact id: 'f9c4cd478454a825282759546179b913') in 0.008552 seconds
  Import took 0.012773 seconds .

========================================================================
Received Import Request.
  Time since last request: 0.000292 seconds.
  path: Assets/Prefabs/barrel4.prefab
  artifactKey: Guid(d17c1a041248612498230dd54b7c6e9f) Importer(815301076,1909f56bfc062723c751e8b465ee728b)
Start importing Assets/Prefabs/barrel4.prefab using Guid(d17c1a041248612498230dd54b7c6e9f) Importer(815301076,1909f56bfc062723c751e8b465ee728b)  -> (artifact id: 'b54453fae980fabcc0d8ae7de4f817e7') in 0.009905 seconds
  Import took 0.014759 seconds .

========================================================================
Received Import Request.
  Time since last request: 0.000323 seconds.
  path: Assets/Prefabs/body2.prefab
  artifactKey: Guid(33194257ea8026c4083b7b0c4f0f2aca) Importer(815301076,1909f56bfc062723c751e8b465ee728b)
Start importing Assets/Prefabs/body2.prefab using Guid(33194257ea8026c4083b7b0c4f0f2aca) Importer(815301076,1909f56bfc062723c751e8b465ee728b)  -> (artifact id: '2ef61a898606fa9381b42fc63cf598b2') in 0.010122 seconds
  Import took 0.014073 seconds .

========================================================================
Received Import Request.
  Time since last request: 0.000313 seconds.
  path: Assets/Prefabs/body4.prefab
  artifactKey: Guid(418b6eedae496114f999e230da19ec7c) Importer(815301076,1909f56bfc062723c751e8b465ee728b)
Start importing Assets/Prefabs/body4.prefab using Guid(418b6eedae496114f999e230da19ec7c) Importer(815301076,1909f56bfc062723c751e8b465ee728b)  -> (artifact id: '7c9f02b768f159b39855d52c7c425837') in 0.008903 seconds
  Import took 0.013603 seconds .

========================================================================
Received Import Request.
  Time since last request: 0.000399 seconds.
  path: Assets/Prefabs/barrel3.prefab
  artifactKey: Guid(e379f2748f3034645b361fc5cf1fbbe6) Importer(815301076,1909f56bfc062723c751e8b465ee728b)
Start importing Assets/Prefabs/barrel3.prefab using Guid(e379f2748f3034645b361fc5cf1fbbe6) Importer(815301076,1909f56bfc062723c751e8b465ee728b)  -> (artifact id: '75a683cd4fbbd62ff3a6502504b46cab') in 0.011919 seconds
  Import took 0.016536 seconds .

========================================================================
Received Import Request.
  Time since last request: 0.000341 seconds.
  path: Assets/Prefabs/body3.prefab
  artifactKey: Guid(d467445e2cb913a4fbf512c1acf5d5d5) Importer(815301076,1909f56bfc062723c751e8b465ee728b)
Start importing Assets/Prefabs/body3.prefab using Guid(d467445e2cb913a4fbf512c1acf5d5d5) Importer(815301076,1909f56bfc062723c751e8b465ee728b)  -> (artifact id: 'f36bad33d63a53f50d713cd54ca52f67') in 0.015688 seconds
  Import took 0.020831 seconds .

========================================================================
Received Import Request.
  Time since last request: 0.000337 seconds.
  path: Assets/Prefabs/body1.prefab
  artifactKey: Guid(658c5f00f6980da409cebcbc857c0c9e) Importer(815301076,1909f56bfc062723c751e8b465ee728b)
Start importing Assets/Prefabs/body1.prefab using Guid(658c5f00f6980da409cebcbc857c0c9e) Importer(815301076,1909f56bfc062723c751e8b465ee728b)  -> (artifact id: '8201171d368e5ed4c8bee18bcced5b3a') in 0.009515 seconds
  Import took 0.013776 seconds .

========================================================================
Received Prepare
Registering precompiled user dll's ...
Registered in 0.003962 seconds.
Begin MonoManager ReloadAssembly
Native extension for WindowsStandalone target not found
Refreshing native plugins compatible for Editor in 0.43 ms, found 3 plugins.
Preloading 0 native plugins for Editor in 0.00 ms.
Mono: successfully reloaded assembly
- Completed reload, in  1.098 seconds
Platform modules already initialized, skipping
Refreshing native plugins compatible for Editor in 0.55 ms, found 3 plugins.
Preloading 0 native plugins for Editor in 0.00 ms.
Unloading 2076 Unused Serialized files (Serialized files now loaded: 0)
System memory in use before: 95.9 MB.
System memory in use after: 96.0 MB.

Unloading 17 unused Assets to reduce memory usage. Loaded Objects now: 2602.
Total: 5.855700 ms (FindLiveObjects: 0.246800 ms CreateObjectMapping: 0.230000 ms MarkObjects: 5.327900 ms  DeleteObjects: 0.049700 ms)

========================================================================
Received Import Request.
  Time since last request: 72.118812 seconds.
  path: Assets/Prefabs/body2.prefab
  artifactKey: Guid(33194257ea8026c4083b7b0c4f0f2aca) Importer(815301076,1909f56bfc062723c751e8b465ee728b)
Start importing Assets/Prefabs/body2.prefab using Guid(33194257ea8026c4083b7b0c4f0f2aca) Importer(815301076,1909f56bfc062723c751e8b465ee728b)  -> (artifact id: '7c0d9afae95403879b086e50240bc890') in 0.060136 seconds
  Import took 0.063879 seconds .

========================================================================
Received Import Request.
  Time since last request: 0.000277 seconds.
  path: Assets/Prefabs/body4.prefab
  artifactKey: Guid(418b6eedae496114f999e230da19ec7c) Importer(815301076,1909f56bfc062723c751e8b465ee728b)
Start importing Assets/Prefabs/body4.prefab using Guid(418b6eedae496114f999e230da19ec7c) Importer(815301076,1909f56bfc062723c751e8b465ee728b)  -> (artifact id: 'cc252c4bf3cbece875d24989fe8e0e53') in 0.008505 seconds
  Import took 0.012889 seconds .

========================================================================
Received Import Request.
  Time since last request: 0.000330 seconds.
  path: Assets/Prefabs/body3.prefab
  artifactKey: Guid(d467445e2cb913a4fbf512c1acf5d5d5) Importer(815301076,1909f56bfc062723c751e8b465ee728b)
Start importing Assets/Prefabs/body3.prefab using Guid(d467445e2cb913a4fbf512c1acf5d5d5) Importer(815301076,1909f56bfc062723c751e8b465ee728b)  -> (artifact id: '812852db56a8de185127c979a119a7da') in 0.008687 seconds
  Import took 0.012716 seconds .

========================================================================
Received Import Request.
  Time since last request: 0.000311 seconds.
  path: Assets/Prefabs/body1.prefab
  artifactKey: Guid(658c5f00f6980da409cebcbc857c0c9e) Importer(815301076,1909f56bfc062723c751e8b465ee728b)
Start importing Assets/Prefabs/body1.prefab using Guid(658c5f00f6980da409cebcbc857c0c9e) Importer(815301076,1909f56bfc062723c751e8b465ee728b)  -> (artifact id: '20d7260b99b7a7625d33c29961f6ab6c') in 0.008849 seconds
  Import took 0.012686 seconds .

========================================================================
Received Import Request.
  Time since last request: 2.546416 seconds.
  path: Assets/Prefabs/body1.prefab
  artifactKey: Guid(658c5f00f6980da409cebcbc857c0c9e) Importer(815301076,1909f56bfc062723c751e8b465ee728b)
Start importing Assets/Prefabs/body1.prefab using Guid(658c5f00f6980da409cebcbc857c0c9e) Importer(815301076,1909f56bfc062723c751e8b465ee728b)  -> (artifact id: 'adb9fdf4a314037041d58a274fa4ad72') in 0.009852 seconds
  Import took 0.013787 seconds .

========================================================================
Received Import Request.
  Time since last request: 0.000337 seconds.
  path: Assets/Prefabs/body2.prefab
  artifactKey: Guid(33194257ea8026c4083b7b0c4f0f2aca) Importer(815301076,1909f56bfc062723c751e8b465ee728b)
Start importing Assets/Prefabs/body2.prefab using Guid(33194257ea8026c4083b7b0c4f0f2aca) Importer(815301076,1909f56bfc062723c751e8b465ee728b)  -> (artifact id: '7ec1a30ad60a1337316fd138197bd151') in 0.009298 seconds
  Import took 0.013863 seconds .

========================================================================
Received Import Request.
  Time since last request: 0.000359 seconds.
  path: Assets/Prefabs/body4.prefab
  artifactKey: Guid(418b6eedae496114f999e230da19ec7c) Importer(815301076,1909f56bfc062723c751e8b465ee728b)
Start importing Assets/Prefabs/body4.prefab using Guid(418b6eedae496114f999e230da19ec7c) Importer(815301076,1909f56bfc062723c751e8b465ee728b)  -> (artifact id: '1daf007438b68983afefd649623e5c13') in 0.008889 seconds
  Import took 0.013388 seconds .

========================================================================
Received Import Request.
  Time since last request: 0.000312 seconds.
  path: Assets/Prefabs/body3.prefab
  artifactKey: Guid(d467445e2cb913a4fbf512c1acf5d5d5) Importer(815301076,1909f56bfc062723c751e8b465ee728b)
Start importing Assets/Prefabs/body3.prefab using Guid(d467445e2cb913a4fbf512c1acf5d5d5) Importer(815301076,1909f56bfc062723c751e8b465ee728b)  -> (artifact id: 'b195dc25c40a0ee38e064fe33c16617a') in 0.008508 seconds
  Import took 0.012932 seconds .

========================================================================
Received Import Request.
  Time since last request: 4.702837 seconds.
  path: Assets/Prefabs/body1.prefab
  artifactKey: Guid(658c5f00f6980da409cebcbc857c0c9e) Importer(815301076,1909f56bfc062723c751e8b465ee728b)
Start importing Assets/Prefabs/body1.prefab using Guid(658c5f00f6980da409cebcbc857c0c9e) Importer(815301076,1909f56bfc062723c751e8b465ee728b)  -> (artifact id: 'd6d17b486119ff7e6d2f8efb87bcaea8') in 0.010077 seconds
  Import took 0.014986 seconds .

========================================================================
Received Import Request.
  Time since last request: 0.000345 seconds.
  path: Assets/Prefabs/body2.prefab
  artifactKey: Guid(33194257ea8026c4083b7b0c4f0f2aca) Importer(815301076,1909f56bfc062723c751e8b465ee728b)
Start importing Assets/Prefabs/body2.prefab using Guid(33194257ea8026c4083b7b0c4f0f2aca) Importer(815301076,1909f56bfc062723c751e8b465ee728b)  -> (artifact id: 'aff7f367c418e8df28068d00ce9531cb') in 0.008543 seconds
  Import took 0.012162 seconds .

========================================================================
Received Import Request.
  Time since last request: 0.000314 seconds.
  path: Assets/Prefabs/body4.prefab
  artifactKey: Guid(418b6eedae496114f999e230da19ec7c) Importer(815301076,1909f56bfc062723c751e8b465ee728b)
Start importing Assets/Prefabs/body4.prefab using Guid(418b6eedae496114f999e230da19ec7c) Importer(815301076,1909f56bfc062723c751e8b465ee728b)  -> (artifact id: '8218ab1d532b119bac51a147a99cfd48') in 0.008839 seconds
  Import took 0.013794 seconds .

========================================================================
Received Import Request.
  Time since last request: 0.000330 seconds.
  path: Assets/Prefabs/body3.prefab
  artifactKey: Guid(d467445e2cb913a4fbf512c1acf5d5d5) Importer(815301076,1909f56bfc062723c751e8b465ee728b)
Start importing Assets/Prefabs/body3.prefab using Guid(d467445e2cb913a4fbf512c1acf5d5d5) Importer(815301076,1909f56bfc062723c751e8b465ee728b)  -> (artifact id: '0861d7447f399e3b1cf0024d7ef988f7') in 0.008561 seconds
  Import took 0.012393 seconds .

========================================================================
Received Import Request.
  Time since last request: 4.396568 seconds.
  path: Assets/Prefabs/body1.prefab
  artifactKey: Guid(658c5f00f6980da409cebcbc857c0c9e) Importer(815301076,1909f56bfc062723c751e8b465ee728b)
Start importing Assets/Prefabs/body1.prefab using Guid(658c5f00f6980da409cebcbc857c0c9e) Importer(815301076,1909f56bfc062723c751e8b465ee728b)  -> (artifact id: '30fc063f321deb812f2feda3de00e59d') in 0.009232 seconds
  Import took 0.013612 seconds .

========================================================================
Received Import Request.
  Time since last request: 0.000341 seconds.
  path: Assets/Prefabs/body2.prefab
  artifactKey: Guid(33194257ea8026c4083b7b0c4f0f2aca) Importer(815301076,1909f56bfc062723c751e8b465ee728b)
Start importing Assets/Prefabs/body2.prefab using Guid(33194257ea8026c4083b7b0c4f0f2aca) Importer(815301076,1909f56bfc062723c751e8b465ee728b)  -> (artifact id: 'd72b36f1b0f09b8b865e5d5701933d92') in 0.008394 seconds
  Import took 0.013007 seconds .

========================================================================
Received Import Request.
  Time since last request: 0.000598 seconds.
  path: Assets/Prefabs/body4.prefab
  artifactKey: Guid(418b6eedae496114f999e230da19ec7c) Importer(815301076,1909f56bfc062723c751e8b465ee728b)
Start importing Assets/Prefabs/body4.prefab using Guid(418b6eedae496114f999e230da19ec7c) Importer(815301076,1909f56bfc062723c751e8b465ee728b)  -> (artifact id: '678dbc99a0888eb71a5d885968ae8b66') in 0.008870 seconds
  Import took 0.012729 seconds .

========================================================================
Received Import Request.
  Time since last request: 0.000354 seconds.
  path: Assets/Prefabs/body3.prefab
  artifactKey: Guid(d467445e2cb913a4fbf512c1acf5d5d5) Importer(815301076,1909f56bfc062723c751e8b465ee728b)
Start importing Assets/Prefabs/body3.prefab using Guid(d467445e2cb913a4fbf512c1acf5d5d5) Importer(815301076,1909f56bfc062723c751e8b465ee728b)  -> (artifact id: 'ff55ffb6da800254ee75f5b63e2926bb') in 0.008891 seconds
  Import took 0.012594 seconds .

========================================================================
Received Import Request.
  Time since last request: 1.984745 seconds.
  path: Assets/Prefabs/body1.prefab
  artifactKey: Guid(658c5f00f6980da409cebcbc857c0c9e) Importer(815301076,1909f56bfc062723c751e8b465ee728b)
Start importing Assets/Prefabs/body1.prefab using Guid(658c5f00f6980da409cebcbc857c0c9e) Importer(815301076,1909f56bfc062723c751e8b465ee728b)  -> (artifact id: '9c1bdff41f30303612d8d98e5e6dc104') in 0.009097 seconds
  Import took 0.013801 seconds .

========================================================================
Received Import Request.
  Time since last request: 0.000378 seconds.
  path: Assets/Prefabs/body2.prefab
  artifactKey: Guid(33194257ea8026c4083b7b0c4f0f2aca) Importer(815301076,1909f56bfc062723c751e8b465ee728b)
Start importing Assets/Prefabs/body2.prefab using Guid(33194257ea8026c4083b7b0c4f0f2aca) Importer(815301076,1909f56bfc062723c751e8b465ee728b)  -> (artifact id: '47f65bad50debfca71de3f74e9dc2652') in 0.009981 seconds
  Import took 0.014743 seconds .

========================================================================
Received Import Request.
  Time since last request: 0.000380 seconds.
  path: Assets/Prefabs/body4.prefab
  artifactKey: Guid(418b6eedae496114f999e230da19ec7c) Importer(815301076,1909f56bfc062723c751e8b465ee728b)
Start importing Assets/Prefabs/body4.prefab using Guid(418b6eedae496114f999e230da19ec7c) Importer(815301076,1909f56bfc062723c751e8b465ee728b)  -> (artifact id: 'a734c5d6d503d0924658a5ee63cea346') in 0.010648 seconds
  Import took 0.015335 seconds .

========================================================================
Received Import Request.
  Time since last request: 0.000302 seconds.
  path: Assets/Prefabs/body3.prefab
  artifactKey: Guid(d467445e2cb913a4fbf512c1acf5d5d5) Importer(815301076,1909f56bfc062723c751e8b465ee728b)
Start importing Assets/Prefabs/body3.prefab using Guid(d467445e2cb913a4fbf512c1acf5d5d5) Importer(815301076,1909f56bfc062723c751e8b465ee728b)  -> (artifact id: '5fe30a40e8db908702f773180498b9b9') in 0.009184 seconds
  Import took 0.013585 seconds .

========================================================================
Received Import Request.
  Time since last request: 1.572140 seconds.
  path: Assets/Prefabs/body1.prefab
  artifactKey: Guid(658c5f00f6980da409cebcbc857c0c9e) Importer(815301076,1909f56bfc062723c751e8b465ee728b)
Start importing Assets/Prefabs/body1.prefab using Guid(658c5f00f6980da409cebcbc857c0c9e) Importer(815301076,1909f56bfc062723c751e8b465ee728b)  -> (artifact id: '52c85bed7370a0fb29c30d398d2ee1a1') in 0.010094 seconds
  Import took 0.015335 seconds .

========================================================================
Received Import Request.
  Time since last request: 0.000266 seconds.
  path: Assets/Prefabs/body2.prefab
  artifactKey: Guid(33194257ea8026c4083b7b0c4f0f2aca) Importer(815301076,1909f56bfc062723c751e8b465ee728b)
Start importing Assets/Prefabs/body2.prefab using Guid(33194257ea8026c4083b7b0c4f0f2aca) Importer(815301076,1909f56bfc062723c751e8b465ee728b)  -> (artifact id: '07c9340aa503164ce9c846099c8bdccc') in 0.010508 seconds
  Import took 0.016134 seconds .

========================================================================
Received Import Request.
  Time since last request: 0.000354 seconds.
  path: Assets/Prefabs/body4.prefab
  artifactKey: Guid(418b6eedae496114f999e230da19ec7c) Importer(815301076,1909f56bfc062723c751e8b465ee728b)
Start importing Assets/Prefabs/body4.prefab using Guid(418b6eedae496114f999e230da19ec7c) Importer(815301076,1909f56bfc062723c751e8b465ee728b)  -> (artifact id: '2dc52e60d29b41c77297b64da313af58') in 0.008983 seconds
  Import took 0.014132 seconds .

========================================================================
Received Import Request.
  Time since last request: 0.000319 seconds.
  path: Assets/Prefabs/body3.prefab
  artifactKey: Guid(d467445e2cb913a4fbf512c1acf5d5d5) Importer(815301076,1909f56bfc062723c751e8b465ee728b)
Start importing Assets/Prefabs/body3.prefab using Guid(d467445e2cb913a4fbf512c1acf5d5d5) Importer(815301076,1909f56bfc062723c751e8b465ee728b)  -> (artifact id: '4c46554e6a3f9f4d3e62d16869c99a92') in 0.009837 seconds
  Import took 0.013736 seconds .

========================================================================
Received Import Request.
  Time since last request: 2.038851 seconds.
  path: Assets/Prefabs/body1.prefab
  artifactKey: Guid(658c5f00f6980da409cebcbc857c0c9e) Importer(815301076,1909f56bfc062723c751e8b465ee728b)
Start importing Assets/Prefabs/body1.prefab using Guid(658c5f00f6980da409cebcbc857c0c9e) Importer(815301076,1909f56bfc062723c751e8b465ee728b)  -> (artifact id: 'd31483a5decf21b20fd3b1e6edb873a4') in 0.009092 seconds
  Import took 0.013692 seconds .

========================================================================
Received Import Request.
  Time since last request: 0.000231 seconds.
  path: Assets/Prefabs/body2.prefab
  artifactKey: Guid(33194257ea8026c4083b7b0c4f0f2aca) Importer(815301076,1909f56bfc062723c751e8b465ee728b)
Start importing Assets/Prefabs/body2.prefab using Guid(33194257ea8026c4083b7b0c4f0f2aca) Importer(815301076,1909f56bfc062723c751e8b465ee728b)  -> (artifact id: '8e9a4c6eb36eb193e5965a1f05900aac') in 0.011713 seconds
  Import took 0.016124 seconds .

========================================================================
Received Import Request.
  Time since last request: 0.000332 seconds.
  path: Assets/Prefabs/body4.prefab
  artifactKey: Guid(418b6eedae496114f999e230da19ec7c) Importer(815301076,1909f56bfc062723c751e8b465ee728b)
Start importing Assets/Prefabs/body4.prefab using Guid(418b6eedae496114f999e230da19ec7c) Importer(815301076,1909f56bfc062723c751e8b465ee728b)  -> (artifact id: 'cebb51dc994c791e788ba512a3b0c1a8') in 0.008507 seconds
  Import took 0.013404 seconds .

========================================================================
Received Import Request.
  Time since last request: 0.000318 seconds.
  path: Assets/Prefabs/body3.prefab
  artifactKey: Guid(d467445e2cb913a4fbf512c1acf5d5d5) Importer(815301076,1909f56bfc062723c751e8b465ee728b)
Start importing Assets/Prefabs/body3.prefab using Guid(d467445e2cb913a4fbf512c1acf5d5d5) Importer(815301076,1909f56bfc062723c751e8b465ee728b)  -> (artifact id: '4e972d387af33e3e9e982e753032141a') in 0.008369 seconds
  Import took 0.013281 seconds .

========================================================================
Received Import Request.
  Time since last request: 1.076912 seconds.
  path: Assets/Prefabs/body1.prefab
  artifactKey: Guid(658c5f00f6980da409cebcbc857c0c9e) Importer(815301076,1909f56bfc062723c751e8b465ee728b)
Start importing Assets/Prefabs/body1.prefab using Guid(658c5f00f6980da409cebcbc857c0c9e) Importer(815301076,1909f56bfc062723c751e8b465ee728b)  -> (artifact id: '20025ccbf3c3c5c0bd311fd6c7317dde') in 0.009031 seconds
  Import took 0.013949 seconds .

========================================================================
Received Import Request.
  Time since last request: 0.000379 seconds.
  path: Assets/Prefabs/body2.prefab
  artifactKey: Guid(33194257ea8026c4083b7b0c4f0f2aca) Importer(815301076,1909f56bfc062723c751e8b465ee728b)
Start importing Assets/Prefabs/body2.prefab using Guid(33194257ea8026c4083b7b0c4f0f2aca) Importer(815301076,1909f56bfc062723c751e8b465ee728b)  -> (artifact id: 'b0cdfe78191491771287a602e429d871') in 0.008655 seconds
  Import took 0.012401 seconds .

========================================================================
Received Import Request.
  Time since last request: 0.000376 seconds.
  path: Assets/Prefabs/body4.prefab
  artifactKey: Guid(418b6eedae496114f999e230da19ec7c) Importer(815301076,1909f56bfc062723c751e8b465ee728b)
Start importing Assets/Prefabs/body4.prefab using Guid(418b6eedae496114f999e230da19ec7c) Importer(815301076,1909f56bfc062723c751e8b465ee728b)  -> (artifact id: '88cbcf2a9f2349fc3959061fbd91e37b') in 0.009679 seconds
  Import took 0.014215 seconds .

========================================================================
Received Import Request.
  Time since last request: 0.000249 seconds.
  path: Assets/Prefabs/body3.prefab
  artifactKey: Guid(d467445e2cb913a4fbf512c1acf5d5d5) Importer(815301076,1909f56bfc062723c751e8b465ee728b)
Start importing Assets/Prefabs/body3.prefab using Guid(d467445e2cb913a4fbf512c1acf5d5d5) Importer(815301076,1909f56bfc062723c751e8b465ee728b)  -> (artifact id: 'df293f4a0175fc0d935324dbed9baafd') in 0.008219 seconds
  Import took 0.012689 seconds .

========================================================================
Received Import Request.
  Time since last request: 1.574087 seconds.
  path: Assets/Prefabs/body1.prefab
  artifactKey: Guid(658c5f00f6980da409cebcbc857c0c9e) Importer(815301076,1909f56bfc062723c751e8b465ee728b)
Start importing Assets/Prefabs/body1.prefab using Guid(658c5f00f6980da409cebcbc857c0c9e) Importer(815301076,1909f56bfc062723c751e8b465ee728b)  -> (artifact id: '04a3322ebc5e2de888e704b68603c42e') in 0.009222 seconds
  Import took 0.013780 seconds .

========================================================================
Received Import Request.
  Time since last request: 0.000365 seconds.
  path: Assets/Prefabs/body2.prefab
  artifactKey: Guid(33194257ea8026c4083b7b0c4f0f2aca) Importer(815301076,1909f56bfc062723c751e8b465ee728b)
Start importing Assets/Prefabs/body2.prefab using Guid(33194257ea8026c4083b7b0c4f0f2aca) Importer(815301076,1909f56bfc062723c751e8b465ee728b)  -> (artifact id: 'f568f573135d1e54106733dc89b74ca2') in 0.008527 seconds
  Import took 0.012526 seconds .

========================================================================
Received Import Request.
  Time since last request: 0.000327 seconds.
  path: Assets/Prefabs/body4.prefab
  artifactKey: Guid(418b6eedae496114f999e230da19ec7c) Importer(815301076,1909f56bfc062723c751e8b465ee728b)
Start importing Assets/Prefabs/body4.prefab using Guid(418b6eedae496114f999e230da19ec7c) Importer(815301076,1909f56bfc062723c751e8b465ee728b)  -> (artifact id: '776f03d5c1caa0e7ca0c6eae4e499040') in 0.008835 seconds
  Import took 0.013113 seconds .

========================================================================
Received Import Request.
  Time since last request: 0.000371 seconds.
  path: Assets/Prefabs/body3.prefab
  artifactKey: Guid(d467445e2cb913a4fbf512c1acf5d5d5) Importer(815301076,1909f56bfc062723c751e8b465ee728b)
Start importing Assets/Prefabs/body3.prefab using Guid(d467445e2cb913a4fbf512c1acf5d5d5) Importer(815301076,1909f56bfc062723c751e8b465ee728b)  -> (artifact id: '57fed31de0a3c2ebfaa8e79770998df5') in 0.008088 seconds
  Import took 0.013473 seconds .

========================================================================
Received Import Request.
  Time since last request: 2.998972 seconds.
  path: Assets/Prefabs/body1.prefab
  artifactKey: Guid(658c5f00f6980da409cebcbc857c0c9e) Importer(815301076,1909f56bfc062723c751e8b465ee728b)
Start importing Assets/Prefabs/body1.prefab using Guid(658c5f00f6980da409cebcbc857c0c9e) Importer(815301076,1909f56bfc062723c751e8b465ee728b)  -> (artifact id: '5d69d3efe48dc2efc70b3d3b5218fe9d') in 0.009305 seconds
  Import took 0.013699 seconds .

========================================================================
Received Import Request.
  Time since last request: 0.000441 seconds.
  path: Assets/Prefabs/body2.prefab
  artifactKey: Guid(33194257ea8026c4083b7b0c4f0f2aca) Importer(815301076,1909f56bfc062723c751e8b465ee728b)
Start importing Assets/Prefabs/body2.prefab using Guid(33194257ea8026c4083b7b0c4f0f2aca) Importer(815301076,1909f56bfc062723c751e8b465ee728b)  -> (artifact id: '87729068e358d2040e814d19893d223f') in 0.008831 seconds
  Import took 0.013317 seconds .

========================================================================
Received Import Request.
  Time since last request: 0.000446 seconds.
  path: Assets/Prefabs/body4.prefab
  artifactKey: Guid(418b6eedae496114f999e230da19ec7c) Importer(815301076,1909f56bfc062723c751e8b465ee728b)
Start importing Assets/Prefabs/body4.prefab using Guid(418b6eedae496114f999e230da19ec7c) Importer(815301076,1909f56bfc062723c751e8b465ee728b)  -> (artifact id: '52177a8c1feee883b5279049d619b856') in 0.009234 seconds
  Import took 0.014940 seconds .

========================================================================
Received Import Request.
  Time since last request: 0.000315 seconds.
  path: Assets/Prefabs/body3.prefab
  artifactKey: Guid(d467445e2cb913a4fbf512c1acf5d5d5) Importer(815301076,1909f56bfc062723c751e8b465ee728b)
Start importing Assets/Prefabs/body3.prefab using Guid(d467445e2cb913a4fbf512c1acf5d5d5) Importer(815301076,1909f56bfc062723c751e8b465ee728b)  -> (artifact id: 'e080b125767bcb4d6545c377d1d62d45') in 0.010621 seconds
  Import took 0.015066 seconds .

========================================================================
Received Prepare
Registering precompiled user dll's ...
Registered in 0.003180 seconds.
Begin MonoManager ReloadAssembly
Native extension for WindowsStandalone target not found
Refreshing native plugins compatible for Editor in 0.55 ms, found 3 plugins.
Preloading 0 native plugins for Editor in 0.00 ms.
Mono: successfully reloaded assembly
- Completed reload, in  1.207 seconds
Platform modules already initialized, skipping
Refreshing native plugins compatible for Editor in 0.43 ms, found 3 plugins.
Preloading 0 native plugins for Editor in 0.00 ms.
Unloading 2076 Unused Serialized files (Serialized files now loaded: 0)
System memory in use before: 96.0 MB.
System memory in use after: 96.2 MB.

Unloading 17 unused Assets to reduce memory usage. Loaded Objects now: 2606.
Total: 2.462700 ms (FindLiveObjects: 0.200300 ms CreateObjectMapping: 0.065900 ms MarkObjects: 2.177200 ms  DeleteObjects: 0.018400 ms)

========================================================================
Received Prepare
Registering precompiled user dll's ...
Registered in 0.003273 seconds.
Begin MonoManager ReloadAssembly
Native extension for WindowsStandalone target not found
Refreshing native plugins compatible for Editor in 0.45 ms, found 3 plugins.
Preloading 0 native plugins for Editor in 0.00 ms.
Mono: successfully reloaded assembly
- Completed reload, in  1.115 seconds
Platform modules already initialized, skipping
Refreshing native plugins compatible for Editor in 0.49 ms, found 3 plugins.
Preloading 0 native plugins for Editor in 0.00 ms.
Unloading 2076 Unused Serialized files (Serialized files now loaded: 0)
System memory in use before: 96.0 MB.
System memory in use after: 96.2 MB.

Unloading 17 unused Assets to reduce memory usage. Loaded Objects now: 2609.
Total: 2.932900 ms (FindLiveObjects: 0.212900 ms CreateObjectMapping: 0.068200 ms MarkObjects: 2.604400 ms  DeleteObjects: 0.046300 ms)

========================================================================
Received Prepare
Registering precompiled user dll's ...
Registered in 0.002807 seconds.
Begin MonoManager ReloadAssembly
Native extension for WindowsStandalone target not found
Refreshing native plugins compatible for Editor in 0.58 ms, found 3 plugins.
Preloading 0 native plugins for Editor in 0.00 ms.
Mono: successfully reloaded assembly
- Completed reload, in  1.072 seconds
Platform modules already initialized, skipping
Refreshing native plugins compatible for Editor in 0.46 ms, found 3 plugins.
Preloading 0 native plugins for Editor in 0.00 ms.
Unloading 2076 Unused Serialized files (Serialized files now loaded: 0)
System memory in use before: 96.1 MB.
System memory in use after: 96.2 MB.

Unloading 17 unused Assets to reduce memory usage. Loaded Objects now: 2612.
Total: 2.709300 ms (FindLiveObjects: 0.226800 ms CreateObjectMapping: 0.074900 ms MarkObjects: 2.383700 ms  DeleteObjects: 0.022400 ms)

========================================================================
Received Prepare
Registering precompiled user dll's ...
Registered in 0.004878 seconds.
Begin MonoManager ReloadAssembly
Native extension for WindowsStandalone target not found
Refreshing native plugins compatible for Editor in 0.44 ms, found 3 plugins.
Preloading 0 native plugins for Editor in 0.00 ms.
Mono: successfully reloaded assembly
- Completed reload, in  1.104 seconds
Platform modules already initialized, skipping
Refreshing native plugins compatible for Editor in 0.43 ms, found 3 plugins.
Preloading 0 native plugins for Editor in 0.00 ms.
Unloading 2076 Unused Serialized files (Serialized files now loaded: 0)
System memory in use before: 96.1 MB.
System memory in use after: 96.2 MB.

Unloading 17 unused Assets to reduce memory usage. Loaded Objects now: 2615.
Total: 2.597400 ms (FindLiveObjects: 0.209800 ms CreateObjectMapping: 0.076700 ms MarkObjects: 2.253800 ms  DeleteObjects: 0.052000 ms)

========================================================================
Received Prepare
Registering precompiled user dll's ...
Registered in 0.003228 seconds.
Begin MonoManager ReloadAssembly
Native extension for WindowsStandalone target not found
Refreshing native plugins compatible for Editor in 0.45 ms, found 3 plugins.
Preloading 0 native plugins for Editor in 0.00 ms.
Mono: successfully reloaded assembly
- Completed reload, in  1.134 seconds
Platform modules already initialized, skipping
Refreshing native plugins compatible for Editor in 0.58 ms, found 3 plugins.
Preloading 0 native plugins for Editor in 0.00 ms.
Unloading 2076 Unused Serialized files (Serialized files now loaded: 0)
System memory in use before: 96.1 MB.
System memory in use after: 96.2 MB.

Unloading 17 unused Assets to reduce memory usage. Loaded Objects now: 2618.
Total: 2.530800 ms (FindLiveObjects: 0.268300 ms CreateObjectMapping: 0.080200 ms MarkObjects: 2.135100 ms  DeleteObjects: 0.046300 ms)

========================================================================
Received Prepare
Registering precompiled user dll's ...
Registered in 0.003003 seconds.
Begin MonoManager ReloadAssembly
Native extension for WindowsStandalone target not found
Refreshing native plugins compatible for Editor in 0.44 ms, found 3 plugins.
Preloading 0 native plugins for Editor in 0.00 ms.
Mono: successfully reloaded assembly
- Completed reload, in  1.162 seconds
Platform modules already initialized, skipping
Refreshing native plugins compatible for Editor in 0.45 ms, found 3 plugins.
Preloading 0 native plugins for Editor in 0.00 ms.
Unloading 2076 Unused Serialized files (Serialized files now loaded: 0)
System memory in use before: 96.1 MB.
System memory in use after: 96.2 MB.

Unloading 17 unused Assets to reduce memory usage. Loaded Objects now: 2621.
Total: 2.382000 ms (FindLiveObjects: 0.222100 ms CreateObjectMapping: 0.078800 ms MarkObjects: 2.060900 ms  DeleteObjects: 0.019100 ms)

========================================================================
Received Prepare
Registering precompiled user dll's ...
Registered in 0.002938 seconds.
Begin MonoManager ReloadAssembly
Native extension for WindowsStandalone target not found
Refreshing native plugins compatible for Editor in 0.57 ms, found 3 plugins.
Preloading 0 native plugins for Editor in 0.00 ms.
Mono: successfully reloaded assembly
- Completed reload, in  1.131 seconds
Platform modules already initialized, skipping
Refreshing native plugins compatible for Editor in 0.44 ms, found 3 plugins.
Preloading 0 native plugins for Editor in 0.00 ms.
Unloading 2076 Unused Serialized files (Serialized files now loaded: 0)
System memory in use before: 96.1 MB.
System memory in use after: 96.2 MB.

Unloading 17 unused Assets to reduce memory usage. Loaded Objects now: 2624.
Total: 3.278000 ms (FindLiveObjects: 0.206600 ms CreateObjectMapping: 0.066900 ms MarkObjects: 2.951700 ms  DeleteObjects: 0.051900 ms)

========================================================================
Received Prepare
Registering precompiled user dll's ...
Registered in 0.003662 seconds.
Begin MonoManager ReloadAssembly
Native extension for WindowsStandalone target not found
Refreshing native plugins compatible for Editor in 0.46 ms, found 3 plugins.
Preloading 0 native plugins for Editor in 0.00 ms.
Mono: successfully reloaded assembly
- Completed reload, in  1.053 seconds
Platform modules already initialized, skipping
Refreshing native plugins compatible for Editor in 0.46 ms, found 3 plugins.
Preloading 0 native plugins for Editor in 0.00 ms.
Unloading 2076 Unused Serialized files (Serialized files now loaded: 0)
System memory in use before: 96.1 MB.
System memory in use after: 96.2 MB.

Unloading 17 unused Assets to reduce memory usage. Loaded Objects now: 2627.
Total: 2.591800 ms (FindLiveObjects: 0.206100 ms CreateObjectMapping: 0.066000 ms MarkObjects: 2.301100 ms  DeleteObjects: 0.017600 ms)

========================================================================
Received Import Request.
  Time since last request: 419.246697 seconds.
  path: Assets/Prefabs/barrel4.prefab
  artifactKey: Guid(d17c1a041248612498230dd54b7c6e9f) Importer(815301076,1909f56bfc062723c751e8b465ee728b)
Start importing Assets/Prefabs/barrel4.prefab using Guid(d17c1a041248612498230dd54b7c6e9f) Importer(815301076,1909f56bfc062723c751e8b465ee728b)  -> (artifact id: 'ef719a1f8f4c4f70a0321c3b354ba1e5') in 0.060965 seconds
  Import took 0.064585 seconds .

========================================================================
Received Import Request.
  Time since last request: 0.000298 seconds.
  path: Assets/Prefabs/barrel3.prefab
  artifactKey: Guid(e379f2748f3034645b361fc5cf1fbbe6) Importer(815301076,1909f56bfc062723c751e8b465ee728b)
Start importing Assets/Prefabs/barrel3.prefab using Guid(e379f2748f3034645b361fc5cf1fbbe6) Importer(815301076,1909f56bfc062723c751e8b465ee728b)  -> (artifact id: '446594b7376a9e981cd4ce3d946076c6') in 0.008110 seconds
  Import took 0.011642 seconds .

========================================================================
Received Import Request.
  Time since last request: 47.422878 seconds.
  path: Assets/Prefabs/stock3.prefab
  artifactKey: Guid(3de7221c46cf9ee47af228bd1f78ec6b) Importer(815301076,1909f56bfc062723c751e8b465ee728b)
Start importing Assets/Prefabs/stock3.prefab using Guid(3de7221c46cf9ee47af228bd1f78ec6b) Importer(815301076,1909f56bfc062723c751e8b465ee728b)  -> (artifact id: '700cf7fd9125c699b8286356bab3f30c') in 0.013634 seconds
  Import took 0.019254 seconds .

========================================================================
Received Import Request.
  Time since last request: 0.000312 seconds.
  path: Assets/Prefabs/stock4.prefab
  artifactKey: Guid(1d3caa12ab053c04cabf8496a570db89) Importer(815301076,1909f56bfc062723c751e8b465ee728b)
Start importing Assets/Prefabs/stock4.prefab using Guid(1d3caa12ab053c04cabf8496a570db89) Importer(815301076,1909f56bfc062723c751e8b465ee728b)  -> (artifact id: '77dff9a1fcfd0b5203dcb3009d159168') in 0.010587 seconds
  Import took 0.015052 seconds .

========================================================================
Received Import Request.
  Time since last request: 4.358379 seconds.
  path: Assets/Prefabs/scope3.prefab
  artifactKey: Guid(bf7d4e9e91289464e945259c6e6e0e4c) Importer(815301076,1909f56bfc062723c751e8b465ee728b)
Start importing Assets/Prefabs/scope3.prefab using Guid(bf7d4e9e91289464e945259c6e6e0e4c) Importer(815301076,1909f56bfc062723c751e8b465ee728b)  -> (artifact id: 'a28240e28a089e9b19fde08508cceff8') in 0.009300 seconds
  Import took 0.014187 seconds .

========================================================================
Received Import Request.
  Time since last request: 0.000304 seconds.
  path: Assets/Prefabs/scope4.prefab
  artifactKey: Guid(649a5604837edd146b885f4c7015bfde) Importer(815301076,1909f56bfc062723c751e8b465ee728b)
Start importing Assets/Prefabs/scope4.prefab using Guid(649a5604837edd146b885f4c7015bfde) Importer(815301076,1909f56bfc062723c751e8b465ee728b)  -> (artifact id: '8a577916839b61c36d938ec40a9144af') in 0.014300 seconds
  Import took 0.019002 seconds .

========================================================================
Received Import Request.
  Time since last request: 6.258819 seconds.
  path: Assets/Prefabs/body3.prefab
  artifactKey: Guid(d467445e2cb913a4fbf512c1acf5d5d5) Importer(815301076,1909f56bfc062723c751e8b465ee728b)
Start importing Assets/Prefabs/body3.prefab using Guid(d467445e2cb913a4fbf512c1acf5d5d5) Importer(815301076,1909f56bfc062723c751e8b465ee728b)  -> (artifact id: '1d89881f5441f5500d83361893866db1') in 0.011390 seconds
  Import took 0.017667 seconds .

========================================================================
Received Import Request.
  Time since last request: 0.000328 seconds.
  path: Assets/Prefabs/body4.prefab
  artifactKey: Guid(418b6eedae496114f999e230da19ec7c) Importer(815301076,1909f56bfc062723c751e8b465ee728b)
Start importing Assets/Prefabs/body4.prefab using Guid(418b6eedae496114f999e230da19ec7c) Importer(815301076,1909f56bfc062723c751e8b465ee728b)  -> (artifact id: '5eba869d43af052e67826ef9658c0d58') in 0.014400 seconds
  Import took 0.019924 seconds .

========================================================================
Received Import Request.
  Time since last request: 3.866486 seconds.
  path: Assets/Prefabs/handle3.prefab
  artifactKey: Guid(664796f82f5d6cc46adc3b1959e86001) Importer(815301076,1909f56bfc062723c751e8b465ee728b)
Start importing Assets/Prefabs/handle3.prefab using Guid(664796f82f5d6cc46adc3b1959e86001) Importer(815301076,1909f56bfc062723c751e8b465ee728b)  -> (artifact id: '6dddb0e2f39b0425e990f5306ea80522') in 0.008598 seconds
  Import took 0.013475 seconds .

========================================================================
Received Import Request.
  Time since last request: 20.094461 seconds.
  path: Assets/Prefabs/handle1.prefab
  artifactKey: Guid(1f5be0604f6974c4083e4493fb479ba6) Importer(815301076,1909f56bfc062723c751e8b465ee728b)
Start importing Assets/Prefabs/handle1.prefab using Guid(1f5be0604f6974c4083e4493fb479ba6) Importer(815301076,1909f56bfc062723c751e8b465ee728b)  -> (artifact id: 'e9bcf6f6c47fa3bb014f7ac1aa42765c') in 0.013205 seconds
  Import took 0.018120 seconds .

========================================================================
Received Import Request.
  Time since last request: 7.064135 seconds.
  path: Assets/Prefabs/magazine1.prefab
  artifactKey: Guid(4d70682f906f858449cf9e082f7b7ac1) Importer(815301076,1909f56bfc062723c751e8b465ee728b)
Start importing Assets/Prefabs/magazine1.prefab using Guid(4d70682f906f858449cf9e082f7b7ac1) Importer(815301076,1909f56bfc062723c751e8b465ee728b)  -> (artifact id: 'df586797bf9d4166eaf8e3438ab0a6e6') in 0.013962 seconds
  Import took 0.018236 seconds .

========================================================================
Received Import Request.
  Time since last request: 2.287983 seconds.
  path: Assets/Prefabs/scope1.prefab
  artifactKey: Guid(aaca218d789cd0049a2e6175fdeafde1) Importer(815301076,1909f56bfc062723c751e8b465ee728b)
Start importing Assets/Prefabs/scope1.prefab using Guid(aaca218d789cd0049a2e6175fdeafde1) Importer(815301076,1909f56bfc062723c751e8b465ee728b)  -> (artifact id: '05d0bf7c971dee1d2c2e3107b0a2c8ca') in 0.009493 seconds
  Import took 0.014863 seconds .

========================================================================
Received Import Request.
  Time since last request: 4.025607 seconds.
  path: Assets/Prefabs/stock1.prefab
  artifactKey: Guid(adfdd8f3060f77d41a2473fcbf2fb99f) Importer(815301076,1909f56bfc062723c751e8b465ee728b)
Start importing Assets/Prefabs/stock1.prefab using Guid(adfdd8f3060f77d41a2473fcbf2fb99f) Importer(815301076,1909f56bfc062723c751e8b465ee728b)  -> (artifact id: 'f650b0409eac9c1edc1212a38f104641') in 0.009036 seconds
  Import took 0.013822 seconds .

========================================================================
Received Import Request.
  Time since last request: 12.603256 seconds.
  path: Assets/Prefabs/body2.prefab
  artifactKey: Guid(33194257ea8026c4083b7b0c4f0f2aca) Importer(815301076,1909f56bfc062723c751e8b465ee728b)
Start importing Assets/Prefabs/body2.prefab using Guid(33194257ea8026c4083b7b0c4f0f2aca) Importer(815301076,1909f56bfc062723c751e8b465ee728b)  -> (artifact id: '425673fdb0be3e96941784ac8baa2a29') in 0.014539 seconds
  Import took 0.018932 seconds .

========================================================================
Received Prepare
Registering precompiled user dll's ...
Registered in 0.003435 seconds.
Begin MonoManager ReloadAssembly
Native extension for WindowsStandalone target not found
Refreshing native plugins compatible for Editor in 0.42 ms, found 3 plugins.
Preloading 0 native plugins for Editor in 0.00 ms.
Mono: successfully reloaded assembly
- Completed reload, in  1.112 seconds
Platform modules already initialized, skipping
Refreshing native plugins compatible for Editor in 0.43 ms, found 3 plugins.
Preloading 0 native plugins for Editor in 0.00 ms.
Unloading 2076 Unused Serialized files (Serialized files now loaded: 0)
System memory in use before: 96.1 MB.
System memory in use after: 96.2 MB.

Unloading 17 unused Assets to reduce memory usage. Loaded Objects now: 2631.
Total: 2.400800 ms (FindLiveObjects: 0.209100 ms CreateObjectMapping: 0.079100 ms MarkObjects: 2.065700 ms  DeleteObjects: 0.045700 ms)

AssetImportWorkerClient::OnTransportError - code=2 error=End of file
